<?xml version="1.0" encoding="UTF-8"?>
<!-- Generated by org.testng.reporters.JUnitReportReporter -->
<testsuite hostname="DESKTOP-UV55T36" failures="0" tests="3" name="Testng.Dataprovide1" time="16.837" errors="0" timestamp="2025-02-11T13:25:25 IST" skipped="0">
  <testcase classname="Testng.Dataprovide1" name="t1" time="6.130"/>
  <system-out/>
  <testcase classname="Testng.Dataprovide1" name="t1" time="4.883"/>
  <system-out/>
  <testcase classname="Testng.Dataprovide1" name="t1" time="5.824"/>
  <system-out/>
</testsuite> <!-- Testng.Dataprovide1 -->
