<?xml version="1.0" encoding="UTF-8"?>
<!-- Generated by org.testng.reporters.JUnitReportReporter -->
<testsuite hostname="DESKTOP-UV55T36" failures="0" tests="2" name="Testngfeatures.Groups" time="0.013" errors="0" timestamp="2025-01-21T18:49:00 IST" skipped="0">
  <testcase classname="Testngfeatures.Groups" name="test1" time="0.012"/>
  <system-out/>
  <testcase classname="Testngfeatures.Groups" name="test3" time="0.001"/>
  <system-out/>
</testsuite> <!-- Testngfeatures.Groups -->
