<?xml version="1.0" encoding="UTF-8"?>
<!-- Generated by org.testng.reporters.JUnitReportReporter -->
<testsuite hostname="DESKTOP-UV55T36" failures="0" tests="3" name="Crossbrowsertest.crosstest" time="37.390" errors="0" timestamp="2025-02-04T12:04:00 IST" skipped="0">
  <testcase classname="Crossbrowsertest.crosstest" name="setup" time="8.798"/>
  <system-out/>
  <testcase classname="Crossbrowsertest.crosstest" name="setup" time="5.201"/>
  <system-out/>
  <testcase classname="Crossbrowsertest.crosstest" name="setup" time="23.391"/>
  <system-out/>
</testsuite> <!-- Crossbrowsertest.crosstest -->
