<?xml version="1.0" encoding="UTF-8"?>
<!-- Generated by org.testng.reporters.JUnitReportReporter -->
<testsuite hostname="DESKTOP-UV55T36" failures="0" tests="3" name="Testng.Dataproviders" time="0.017" errors="0" timestamp="2025-01-24T15:52:47 IST" skipped="0">
  <testcase classname="Testng.Dataproviders" name="t1" time="0.015"/>
  <system-out/>
  <testcase classname="Testng.Dataproviders" name="t1" time="0.001"/>
  <system-out/>
  <testcase classname="Testng.Dataproviders" name="t1" time="0.001"/>
  <system-out/>
</testsuite> <!-- Testng.Dataproviders -->
