<?xml version="1.0" encoding="UTF-8"?>
<!-- Generated by org.testng.reporters.JUnitReportReporter -->
<testsuite hostname="DESKTOP-UV55T36" failures="0" tests="1" name="itestlistner.test" time="5.713" errors="0" timestamp="2025-02-28T17:18:51 IST" skipped="0">
  <testcase classname="itestlistner.test" name="t1" time="5.713"/>
  <system-out/>
</testsuite> <!-- itestlistner.test -->
