<?xml version="1.0" encoding="UTF-8"?>
<!-- Generated by org.testng.reporters.JUnitReportReporter -->
<testsuite hostname="DESKTOP-UV55T36" failures="0" tests="3" name="Testngfeatures.priority1" time="0.020" errors="0" timestamp="2025-01-17T16:47:54 IST" skipped="0">
  <testcase classname="Testngfeatures.priority1" name="t" time="0.016"/>
  <system-out/>
  <testcase classname="Testngfeatures.priority1" name="t1" time="0.001"/>
  <system-out/>
  <testcase classname="Testngfeatures.priority1" name="t2" time="0.003"/>
  <system-out/>
</testsuite> <!-- Testngfeatures.priority1 -->
