<?xml version="1.0" encoding="UTF-8"?>
<!-- Generated by org.testng.reporters.JUnitReportReporter -->
<testsuite hostname="DESKTOP-UV55T36" failures="0" tests="1" name="BDDCucumber.Test" time="5.492" errors="0" timestamp="2025-02-21T12:13:44 IST" skipped="0">
  <testcase classname="BDDCucumber.Test" name="testLogin" time="5.492"/>
  <system-out/>
</testsuite> <!-- BDDCucumber.Test -->
