<?xml version="1.0" encoding="UTF-8"?>
<!-- Generated by org.testng.reporters.JUnitReportReporter -->
<testsuite hostname="DESKTOP-UV55T36" failures="0" tests="1" name="Testng.Windowhandles" time="9.369" errors="0" timestamp="2025-01-30T15:23:17 IST" skipped="0">
  <testcase classname="Testng.Windowhandles" name="test" time="9.369"/>
  <system-out/>
</testsuite> <!-- Testng.Windowhandles -->
