<?xml version="1.0" encoding="UTF-8"?>
<!-- Generated by org.testng.reporters.JUnitReportReporter -->
<testsuite hostname="DESKTOP-UV55T36" failures="0" tests="3" name="Testngfeatures.enabledtest" time="0.018" errors="0" timestamp="2025-01-16T21:17:16 IST" skipped="0">
  <testcase classname="Testngfeatures.enabledtest" name="open" time="0.002"/>
  <system-out/>
  <testcase classname="Testngfeatures.enabledtest" name="anannd" time="0.014"/>
  <system-out/>
  <testcase classname="Testngfeatures.enabledtest" name="raj" time="0.002"/>
  <system-out/>
</testsuite> <!-- Testngfeatures.enabledtest -->
