<?xml version="1.0" encoding="UTF-8"?>
<!-- Generated by org.testng.reporters.JUnitReportReporter -->
<testsuite hostname="DESKTOP-UV55T36" failures="0" tests="3" name="Testngfeatures.includeexcludetest" time="0.016" errors="0" timestamp="2025-01-09T10:40:11 IST" skipped="1">
  <testcase classname="Testngfeatures.includeexcludetest" name="open" time="0.001"/>
  <system-out/>
  <testcase classname="Testngfeatures.includeexcludetest" name="anannd" time="0.015"/>
  <system-out/>
  <testcase classname="Testngfeatures.includeexcludetest" name="raj">
    <skipped/>
  </testcase> <!-- raj -->
  <system-out/>
</testsuite> <!-- Testngfeatures.includeexcludetest -->
