<?xml version="1.0" encoding="UTF-8"?>
<!-- Generated by org.testng.reporters.JUnitReportReporter -->
<testsuite hostname="DESKTOP-UV55T36" failures="0" tests="3" name="Testng.parametrization" time="12.485" errors="0" timestamp="2025-01-16T18:08:27 IST" skipped="0">
  <testcase classname="Testng.parametrization" name="test2" time="3.461"/>
  <system-out/>
  <testcase classname="Testng.parametrization" name="title" time="4.506"/>
  <system-out/>
  <testcase classname="Testng.parametrization" name="logi" time="4.518"/>
  <system-out/>
</testsuite> <!-- Testng.parametrization -->
