<?xml version="1.0" encoding="UTF-8"?>
<!-- Generated by org.testng.reporters.JUnitReportReporter -->
<testsuite hostname="DESKTOP-UV55T36" failures="0" tests="101" name="Testngfeatures.DependsonMethod" time="0.148" errors="0" timestamp="2025-01-13T12:15:04 IST" skipped="0">
  <testcase classname="Testngfeatures.DependsonMethod" name="dd" time="0.001"/>
  <system-out/>
  <testcase classname="Testngfeatures.DependsonMethod" name="dd" time="0.001"/>
  <system-out/>
  <testcase classname="Testngfeatures.DependsonMethod" name="dd" time="0.002"/>
  <system-out/>
  <testcase classname="Testngfeatures.DependsonMethod" name="dd" time="0.001"/>
  <system-out/>
  <testcase classname="Testngfeatures.DependsonMethod" name="ss" time="0.003"/>
  <system-out/>
  <testcase classname="Testngfeatures.DependsonMethod" name="dd" time="0.002"/>
  <system-out/>
  <testcase classname="Testngfeatures.DependsonMethod" name="dd" time="0.011"/>
  <system-out/>
  <testcase classname="Testngfeatures.DependsonMethod" name="dd" time="0.001"/>
  <system-out/>
  <testcase classname="Testngfeatures.DependsonMethod" name="dd" time="0.011"/>
  <system-out/>
  <testcase classname="Testngfeatures.DependsonMethod" name="dd" time="0.001"/>
  <system-out/>
  <testcase classname="Testngfeatures.DependsonMethod" name="dd" time="0.001"/>
  <system-out/>
  <testcase classname="Testngfeatures.DependsonMethod" name="dd" time="0.002"/>
  <system-out/>
  <testcase classname="Testngfeatures.DependsonMethod" name="dd" time="0.000"/>
  <system-out/>
  <testcase classname="Testngfeatures.DependsonMethod" name="dd" time="0.001"/>
  <system-out/>
  <testcase classname="Testngfeatures.DependsonMethod" name="dd" time="0.001"/>
  <system-out/>
  <testcase classname="Testngfeatures.DependsonMethod" name="dd" time="0.002"/>
  <system-out/>
  <testcase classname="Testngfeatures.DependsonMethod" name="dd" time="0.001"/>
  <system-out/>
  <testcase classname="Testngfeatures.DependsonMethod" name="dd" time="0.002"/>
  <system-out/>
  <testcase classname="Testngfeatures.DependsonMethod" name="dd" time="0.002"/>
  <system-out/>
  <testcase classname="Testngfeatures.DependsonMethod" name="dd" time="0.002"/>
  <system-out/>
  <testcase classname="Testngfeatures.DependsonMethod" name="dd" time="0.002"/>
  <system-out/>
  <testcase classname="Testngfeatures.DependsonMethod" name="dd" time="0.000"/>
  <system-out/>
  <testcase classname="Testngfeatures.DependsonMethod" name="dd" time="0.000"/>
  <system-out/>
  <testcase classname="Testngfeatures.DependsonMethod" name="dd" time="0.001"/>
  <system-out/>
  <testcase classname="Testngfeatures.DependsonMethod" name="dd" time="0.001"/>
  <system-out/>
  <testcase classname="Testngfeatures.DependsonMethod" name="dd" time="0.001"/>
  <system-out/>
  <testcase classname="Testngfeatures.DependsonMethod" name="dd" time="0.001"/>
  <system-out/>
  <testcase classname="Testngfeatures.DependsonMethod" name="dd" time="0.002"/>
  <system-out/>
  <testcase classname="Testngfeatures.DependsonMethod" name="dd" time="0.001"/>
  <system-out/>
  <testcase classname="Testngfeatures.DependsonMethod" name="dd" time="0.001"/>
  <system-out/>
  <testcase classname="Testngfeatures.DependsonMethod" name="dd" time="0.001"/>
  <system-out/>
  <testcase classname="Testngfeatures.DependsonMethod" name="dd" time="0.001"/>
  <system-out/>
  <testcase classname="Testngfeatures.DependsonMethod" name="dd" time="0.001"/>
  <system-out/>
  <testcase classname="Testngfeatures.DependsonMethod" name="dd" time="0.000"/>
  <system-out/>
  <testcase classname="Testngfeatures.DependsonMethod" name="dd" time="0.001"/>
  <system-out/>
  <testcase classname="Testngfeatures.DependsonMethod" name="dd" time="0.001"/>
  <system-out/>
  <testcase classname="Testngfeatures.DependsonMethod" name="dd" time="0.001"/>
  <system-out/>
  <testcase classname="Testngfeatures.DependsonMethod" name="dd" time="0.002"/>
  <system-out/>
  <testcase classname="Testngfeatures.DependsonMethod" name="dd" time="0.001"/>
  <system-out/>
  <testcase classname="Testngfeatures.DependsonMethod" name="dd" time="0.001"/>
  <system-out/>
  <testcase classname="Testngfeatures.DependsonMethod" name="dd" time="0.002"/>
  <system-out/>
  <testcase classname="Testngfeatures.DependsonMethod" name="dd" time="0.001"/>
  <system-out/>
  <testcase classname="Testngfeatures.DependsonMethod" name="dd" time="0.001"/>
  <system-out/>
  <testcase classname="Testngfeatures.DependsonMethod" name="dd" time="0.001"/>
  <system-out/>
  <testcase classname="Testngfeatures.DependsonMethod" name="dd" time="0.001"/>
  <system-out/>
  <testcase classname="Testngfeatures.DependsonMethod" name="dd" time="0.002"/>
  <system-out/>
  <testcase classname="Testngfeatures.DependsonMethod" name="dd" time="0.001"/>
  <system-out/>
  <testcase classname="Testngfeatures.DependsonMethod" name="dd" time="0.001"/>
  <system-out/>
  <testcase classname="Testngfeatures.DependsonMethod" name="dd" time="0.001"/>
  <system-out/>
  <testcase classname="Testngfeatures.DependsonMethod" name="dd" time="0.002"/>
  <system-out/>
  <testcase classname="Testngfeatures.DependsonMethod" name="dd" time="0.001"/>
  <system-out/>
  <testcase classname="Testngfeatures.DependsonMethod" name="dd" time="0.004"/>
  <system-out/>
  <testcase classname="Testngfeatures.DependsonMethod" name="dd" time="0.001"/>
  <system-out/>
  <testcase classname="Testngfeatures.DependsonMethod" name="dd" time="0.001"/>
  <system-out/>
  <testcase classname="Testngfeatures.DependsonMethod" name="dd" time="0.004"/>
  <system-out/>
  <testcase classname="Testngfeatures.DependsonMethod" name="dd" time="0.001"/>
  <system-out/>
  <testcase classname="Testngfeatures.DependsonMethod" name="dd" time="0.003"/>
  <system-out/>
  <testcase classname="Testngfeatures.DependsonMethod" name="dd" time="0.001"/>
  <system-out/>
  <testcase classname="Testngfeatures.DependsonMethod" name="dd" time="0.001"/>
  <system-out/>
  <testcase classname="Testngfeatures.DependsonMethod" name="dd" time="0.002"/>
  <system-out/>
  <testcase classname="Testngfeatures.DependsonMethod" name="dd" time="0.001"/>
  <system-out/>
  <testcase classname="Testngfeatures.DependsonMethod" name="dd" time="0.001"/>
  <system-out/>
  <testcase classname="Testngfeatures.DependsonMethod" name="dd" time="0.001"/>
  <system-out/>
  <testcase classname="Testngfeatures.DependsonMethod" name="dd" time="0.001"/>
  <system-out/>
  <testcase classname="Testngfeatures.DependsonMethod" name="dd" time="0.002"/>
  <system-out/>
  <testcase classname="Testngfeatures.DependsonMethod" name="dd" time="0.000"/>
  <system-out/>
  <testcase classname="Testngfeatures.DependsonMethod" name="dd" time="0.002"/>
  <system-out/>
  <testcase classname="Testngfeatures.DependsonMethod" name="dd" time="0.000"/>
  <system-out/>
  <testcase classname="Testngfeatures.DependsonMethod" name="dd" time="0.001"/>
  <system-out/>
  <testcase classname="Testngfeatures.DependsonMethod" name="dd" time="0.001"/>
  <system-out/>
  <testcase classname="Testngfeatures.DependsonMethod" name="dd" time="0.001"/>
  <system-out/>
  <testcase classname="Testngfeatures.DependsonMethod" name="dd" time="0.002"/>
  <system-out/>
  <testcase classname="Testngfeatures.DependsonMethod" name="dd" time="0.001"/>
  <system-out/>
  <testcase classname="Testngfeatures.DependsonMethod" name="dd" time="0.001"/>
  <system-out/>
  <testcase classname="Testngfeatures.DependsonMethod" name="dd" time="0.004"/>
  <system-out/>
  <testcase classname="Testngfeatures.DependsonMethod" name="dd" time="0.001"/>
  <system-out/>
  <testcase classname="Testngfeatures.DependsonMethod" name="dd" time="0.001"/>
  <system-out/>
  <testcase classname="Testngfeatures.DependsonMethod" name="dd" time="0.001"/>
  <system-out/>
  <testcase classname="Testngfeatures.DependsonMethod" name="dd" time="0.001"/>
  <system-out/>
  <testcase classname="Testngfeatures.DependsonMethod" name="dd" time="0.001"/>
  <system-out/>
  <testcase classname="Testngfeatures.DependsonMethod" name="dd" time="0.001"/>
  <system-out/>
  <testcase classname="Testngfeatures.DependsonMethod" name="dd" time="0.001"/>
  <system-out/>
  <testcase classname="Testngfeatures.DependsonMethod" name="dd" time="0.001"/>
  <system-out/>
  <testcase classname="Testngfeatures.DependsonMethod" name="dd" time="0.001"/>
  <system-out/>
  <testcase classname="Testngfeatures.DependsonMethod" name="dd" time="0.001"/>
  <system-out/>
  <testcase classname="Testngfeatures.DependsonMethod" name="dd" time="0.001"/>
  <system-out/>
  <testcase classname="Testngfeatures.DependsonMethod" name="dd" time="0.001"/>
  <system-out/>
  <testcase classname="Testngfeatures.DependsonMethod" name="dd" time="0.001"/>
  <system-out/>
  <testcase classname="Testngfeatures.DependsonMethod" name="dd" time="0.001"/>
  <system-out/>
  <testcase classname="Testngfeatures.DependsonMethod" name="dd" time="0.001"/>
  <system-out/>
  <testcase classname="Testngfeatures.DependsonMethod" name="dd" time="0.001"/>
  <system-out/>
  <testcase classname="Testngfeatures.DependsonMethod" name="dd" time="0.001"/>
  <system-out/>
  <testcase classname="Testngfeatures.DependsonMethod" name="dd" time="0.001"/>
  <system-out/>
  <testcase classname="Testngfeatures.DependsonMethod" name="dd" time="0.001"/>
  <system-out/>
  <testcase classname="Testngfeatures.DependsonMethod" name="dd" time="0.001"/>
  <system-out/>
  <testcase classname="Testngfeatures.DependsonMethod" name="dd" time="0.003"/>
  <system-out/>
  <testcase classname="Testngfeatures.DependsonMethod" name="dd" time="0.002"/>
  <system-out/>
  <testcase classname="Testngfeatures.DependsonMethod" name="dd" time="0.002"/>
  <system-out/>
  <testcase classname="Testngfeatures.DependsonMethod" name="dd" time="0.000"/>
  <system-out/>
  <testcase classname="Testngfeatures.DependsonMethod" name="dd" time="0.001"/>
  <system-out/>
  <testcase classname="Testngfeatures.DependsonMethod" name="dd" time="0.001"/>
  <system-out/>
</testsuite> <!-- Testngfeatures.DependsonMethod -->
