<?xml version="1.0" encoding="UTF-8"?>
<!-- Generated by org.testng.reporters.JUnitReportReporter -->
<testsuite hostname="DESKTOP-UV55T36" failures="0" tests="3" name="Testngfeatures.Group2" time="9.872" errors="0" timestamp="2025-02-07T12:55:48 IST" skipped="0">
  <testcase classname="Testngfeatures.Group2" name="test3" time="2.769"/>
  <system-out/>
  <testcase classname="Testngfeatures.Group2" name="test" time="4.793"/>
  <system-out/>
  <testcase classname="Testngfeatures.Group2" name="test2" time="2.310"/>
  <system-out/>
</testsuite> <!-- Testngfeatures.Group2 -->
