<?xml version="1.0" encoding="UTF-8"?>
<!-- Generated by org.testng.reporters.JUnitReportReporter -->
<testsuite hostname="DESKTOP-UV55T36" failures="0" tests="3" name="Testng.annotaions" time="0.151" errors="0" timestamp="2025-01-11T16:44:26 IST" skipped="0">
  <testcase classname="Testng.annotaions" name="aest1" time="0.073"/>
  <system-out/>
  <testcase classname="Testng.annotaions" name="gettext" time="0.018"/>
  <system-out/>
  <testcase classname="Testng.annotaions" name="test" time="0.060"/>
  <system-out/>
</testsuite> <!-- Testng.annotaions -->
