<?xml version="1.0" encoding="UTF-8"?>
<!-- Generated by org.testng.reporters.JUnitReportReporter -->
<testsuite hostname="DESKTOP-UV55T36" failures="0" tests="1" name="TestClass.tt" time="5.413" errors="0" timestamp="2025-02-24T13:55:24 IST" skipped="0">
  <testcase classname="TestClass.tt" name="jj" time="5.413"/>
  <system-out/>
</testsuite> <!-- TestClass.tt -->
