<?xml version="1.0" encoding="UTF-8"?>
<!-- Generated by org.testng.reporters.JUnitReportReporter -->
<testsuite hostname="DESKTOP-UV55T36" failures="0" tests="2" name="Testng.retrytest1" time="10.997" errors="0" timestamp="2025-02-27T10:13:36 IST" skipped="0">
  <testcase classname="Testng.retrytest1" name="t1" time="7.630"/>
  <system-out/>
  <testcase classname="Testng.retrytest1" name="t2" time="3.367"/>
  <system-out/>
</testsuite> <!-- Testng.retrytest1 -->
