<?xml version="1.0" encoding="UTF-8"?>
<!-- Generated by org.testng.reporters.JUnitReportReporter -->
<testsuite hostname="DESKTOP-UV55T36" failures="0" tests="3" name="Testngfeatures.Group2" time="8.581" errors="0" timestamp="2025-01-22T12:40:59 IST" skipped="0">
  <testcase classname="Testngfeatures.Group2" name="test" time="2.455"/>
  <system-out/>
  <testcase classname="Testngfeatures.Group2" name="test3" time="3.425"/>
  <system-out/>
  <testcase classname="Testngfeatures.Group2" name="test2" time="2.701"/>
  <system-out/>
</testsuite> <!-- Testngfeatures.Group2 -->
