<?xml version="1.0" encoding="UTF-8"?>
<!-- Generated by org.testng.reporters.JUnitReportReporter -->
<testsuite hostname="DESKTOP-UV55T36" failures="0" tests="2" name="BDDCucumber.Runnerclass" time="8.111" errors="0" timestamp="2025-03-03T15:55:58 IST" skipped="0">
  <testcase classname="BDDCucumber.Runnerclass" name="runScenario" time="5.231"/>
  <system-out/>
  <testcase classname="BDDCucumber.Runnerclass" name="runScenario" time="2.880"/>
  <system-out/>
</testsuite> <!-- BDDCucumber.Runnerclass -->
