<?xml version="1.0" encoding="UTF-8"?>
<!-- Generated by org.testng.reporters.JUnitReportReporter -->
<testsuite hostname="DESKTOP-UV55T36" failures="0" tests="3" name="Testng.parameter" time="0.015" errors="0" timestamp="2025-01-11T16:42:53 IST" skipped="0">
  <testcase classname="Testng.parameter" name="t2" time="0.000"/>
  <system-out/>
  <testcase classname="Testng.parameter" name="t1" time="0.014"/>
  <system-out/>
  <testcase classname="Testng.parameter" name="t3" time="0.001"/>
  <system-out/>
</testsuite> <!-- Testng.parameter -->
