<?xml version="1.0" encoding="UTF-8"?>
<!-- Generated by org.testng.reporters.JUnitReportReporter -->
<testsuite hostname="DESKTOP-UV55T36" failures="0" tests="1" name="Testng.practise" time="0.000" errors="0" timestamp="2025-01-18T17:49:41 IST" skipped="1">
  <testcase classname="Testng.practise" name="t1" time="0.000">
    <skipped/>
  </testcase> <!-- t1 -->
  <system-out/>
</testsuite> <!-- Testng.practise -->
